d:\coding\c++\c++ workspace visual studio\opengl cookie clicker\dependencies\glfw\glfw.dir\debug\glfw.pdb
d:\coding\c++\c++ workspace visual studio\opengl cookie clicker\dependencies\glfw\glfw.dir\debug\osmesa_context.obj
d:\coding\c++\c++ workspace visual studio\opengl cookie clicker\dependencies\glfw\glfw.dir\debug\egl_context.obj
d:\coding\c++\c++ workspace visual studio\opengl cookie clicker\dependencies\glfw\glfw.dir\debug\wgl_context.obj
d:\coding\c++\c++ workspace visual studio\opengl cookie clicker\dependencies\glfw\glfw.dir\debug\win32_window.obj
d:\coding\c++\c++ workspace visual studio\opengl cookie clicker\dependencies\glfw\glfw.dir\debug\win32_thread.obj
d:\coding\c++\c++ workspace visual studio\opengl cookie clicker\dependencies\glfw\glfw.dir\debug\win32_time.obj
d:\coding\c++\c++ workspace visual studio\opengl cookie clicker\dependencies\glfw\glfw.dir\debug\win32_monitor.obj
d:\coding\c++\c++ workspace visual studio\opengl cookie clicker\dependencies\glfw\glfw.dir\debug\win32_joystick.obj
d:\coding\c++\c++ workspace visual studio\opengl cookie clicker\dependencies\glfw\glfw.dir\debug\win32_init.obj
d:\coding\c++\c++ workspace visual studio\opengl cookie clicker\dependencies\glfw\glfw.dir\debug\window.obj
d:\coding\c++\c++ workspace visual studio\opengl cookie clicker\dependencies\glfw\glfw.dir\debug\vulkan.obj
d:\coding\c++\c++ workspace visual studio\opengl cookie clicker\dependencies\glfw\glfw.dir\debug\monitor.obj
d:\coding\c++\c++ workspace visual studio\opengl cookie clicker\dependencies\glfw\glfw.dir\debug\input.obj
d:\coding\c++\c++ workspace visual studio\opengl cookie clicker\dependencies\glfw\glfw.dir\debug\init.obj
d:\coding\c++\c++ workspace visual studio\opengl cookie clicker\dependencies\glfw\glfw.dir\debug\context.obj
d:\coding\c++\c++ libraries\glfw\glfw\build_vs14_win64\src\cmakefiles\generate.stamp
d:\coding\c++\c++ libraries\glfw\glfw\build_vs14_win64\src\debug\glfw3.lib
d:\coding\c++\c++ workspace visual studio\opengl cookie clicker\dependencies\glfw\glfw.dir\debug\glfw.tlog\cl.command.1.tlog
d:\coding\c++\c++ workspace visual studio\opengl cookie clicker\dependencies\glfw\glfw.dir\debug\glfw.tlog\cl.read.1.tlog
d:\coding\c++\c++ workspace visual studio\opengl cookie clicker\dependencies\glfw\glfw.dir\debug\glfw.tlog\cl.write.1.tlog
d:\coding\c++\c++ workspace visual studio\opengl cookie clicker\dependencies\glfw\glfw.dir\debug\glfw.tlog\custombuild.command.1.tlog
d:\coding\c++\c++ workspace visual studio\opengl cookie clicker\dependencies\glfw\glfw.dir\debug\glfw.tlog\custombuild.read.1.tlog
d:\coding\c++\c++ workspace visual studio\opengl cookie clicker\dependencies\glfw\glfw.dir\debug\glfw.tlog\custombuild.write.1.tlog
d:\coding\c++\c++ workspace visual studio\opengl cookie clicker\dependencies\glfw\glfw.dir\debug\glfw.tlog\lib-link.read.1.tlog
d:\coding\c++\c++ workspace visual studio\opengl cookie clicker\dependencies\glfw\glfw.dir\debug\glfw.tlog\lib-link.write.1.tlog
d:\coding\c++\c++ workspace visual studio\opengl cookie clicker\dependencies\glfw\glfw.dir\debug\glfw.tlog\lib.command.1.tlog
